[Physics::Module] Initialized MultithreadedJobDispatcher with 1 workers.
Loading player data from Z:/home/idea/Downloads/BepInEx.PvZF.2.8.2.Multi-lang.Pack.v2.By.Blooms/Game Files/PlantsVsZombiesRH_Data/data.unity3d
Initialize engine version: 2022.3.20f1c1 (82a5dab7aa2a)
[Subsystems] Discovering subsystems at path Z:/home/idea/Downloads/BepInEx.PvZF.2.8.2.Multi-lang.Pack.v2.By.Blooms/Game Files/PlantsVsZombiesRH_Data/UnitySubsystems
GfxDevice: creating device client; threaded=1; jobified=0
Direct3D:
    Version:  Direct3D 11.0 [level 11.1]
    Renderer: Intel(R) HD Graphics 4000 (ID=0x162)
    Vendor:   Intel
    VRAM:     1741 MB
    Driver:   31.0.14051.5006
<RI> Initializing input.
<RI> Input initialized.
<RI> Initialized touch support.
UnloadTime: 0.718300 ms
当前时间戳：1758112824
UnityEngine.Logger:Log(LogType, Object)
UnityEngine.Debug:Log(Object)
GameAPP:Awake()

Setting up 2 worker threads for Enlighten.
Memory Statistics:
[ALLOC_TEMP_TLS] TLS Allocator
  StackAllocators : 
    [ALLOC_TEMP_MAIN]
      Peak usage frame count: [4.0 KB-8.0 KB]: 217 frames, [8.0 KB-16.0 KB]: 655 frames, [16.0 KB-32.0 KB]: 2 frames, [32.0 KB-64.0 KB]: 324 frames, [128.0 KB-256.0 KB]: 2 frames, [0.5 MB-1.0 MB]: 1 frames, [4.0 MB-8.0 MB]: 1 frames
      Initial Block Size 4.0 MB
      Current Block Size 5.1 MB
      Peak Allocated Bytes 5.1 MB
      Overflow Count 0
    [ALLOC_TEMP_Background Job.worker 4]
      Initial Block Size 32.0 KB
      Current Block Size 32.0 KB
      Peak Allocated Bytes 54 B
      Overflow Count 0
    [ALLOC_TEMP_Loading.PreloadManager]
      Initial Block Size 256.0 KB
      Current Block Size 256.0 KB
      Peak Allocated Bytes 9.5 KB
      Overflow Count 4
    [ALLOC_TEMP_Background Job.worker 3]
      Initial Block Size 32.0 KB
      Current Block Size 32.0 KB
      Peak Allocated Bytes 54 B
      Overflow Count 0
    [ALLOC_TEMP_Background Job.worker 11]
      Initial Block Size 32.0 KB
      Current Block Size 32.0 KB
      Peak Allocated Bytes 54 B
      Overflow Count 0
    [ALLOC_TEMP_Background Job.worker 7]
      Initial Block Size 32.0 KB
      Current Block Size 32.0 KB
      Peak Allocated Bytes 54 B
      Overflow Count 0
    [ALLOC_TEMP_Background Job.worker 6]
      Initial Block Size 32.0 KB
      Current Block Size 32.0 KB
      Peak Allocated Bytes 54 B
      Overflow Count 0
    [ALLOC_TEMP_Background Job.worker 12]
      Initial Block Size 32.0 KB
      Current Block Size 32.0 KB
      Peak Allocated Bytes 54 B
      Overflow Count 0
    [ALLOC_TEMP_Background Job.worker 2]
      Initial Block Size 32.0 KB
      Current Block Size 32.0 KB
      Peak Allocated Bytes 54 B
      Overflow Count 0
    [ALLOC_TEMP_Background Job.worker 9]
      Initial Block Size 32.0 KB
      Current Block Size 32.0 KB
      Peak Allocated Bytes 54 B
      Overflow Count 0
    [ALLOC_TEMP_Job.worker 0]
      Initial Block Size 256.0 KB
      Current Block Size 256.0 KB
      Peak Allocated Bytes 42.9 KB
      Overflow Count 0
    [ALLOC_TEMP_Background Job.worker 10]
      Initial Block Size 32.0 KB
      Current Block Size 32.0 KB
      Peak Allocated Bytes 54 B
      Overflow Count 0
    [ALLOC_TEMP_Background Job.worker 8]
      Initial Block Size 32.0 KB
      Current Block Size 32.0 KB
      Peak Allocated Bytes 54 B
      Overflow Count 0
    [ALLOC_TEMP_Background Job.worker 15]
      Initial Block Size 32.0 KB
      Current Block Size 32.0 KB
      Peak Allocated Bytes 54 B
      Overflow Count 0
    [ALLOC_TEMP_Background Job.worker 1]
      Initial Block Size 32.0 KB
      Current Block Size 32.0 KB
      Peak Allocated Bytes 54 B
      Overflow Count 0
    [ALLOC_TEMP_EnlightenWorker] x 2
      Initial Block Size 64.0 KB
      Current Block Size 64.0 KB
      Peak Allocated Bytes 54 B
      Overflow Count 0
    [ALLOC_TEMP_Background Job.worker 13]
      Initial Block Size 32.0 KB
      Current Block Size 32.0 KB
      Peak Allocated Bytes 54 B
      Overflow Count 0
    [ALLOC_TEMP_Background Job.worker 5]
      Initial Block Size 32.0 KB
      Current Block Size 32.0 KB
      Peak Allocated Bytes 54 B
      Overflow Count 0
    [ALLOC_TEMP_UnityGfxDeviceWorker]
      Initial Block Size 256.0 KB
      Current Block Size 256.0 KB
      Peak Allocated Bytes 6.0 KB
      Overflow Count 0
    [ALLOC_TEMP_AssetGarbageCollectorHelper]
      Initial Block Size 64.0 KB
      Current Block Size 64.0 KB
      Peak Allocated Bytes 138 B
      Overflow Count 0
    [ALLOC_TEMP_Background Job.worker 0]
      Initial Block Size 32.0 KB
      Current Block Size 32.0 KB
      Peak Allocated Bytes 54 B
      Overflow Count 0
    [ALLOC_TEMP_Background Job.worker 14]
      Initial Block Size 32.0 KB
      Current Block Size 32.0 KB
      Peak Allocated Bytes 54 B
      Overflow Count 0
    [ALLOC_TEMP_Loading.AsyncRead]
      Initial Block Size 64.0 KB
      Current Block Size 124.0 KB
      Peak Allocated Bytes 123.4 KB
      Overflow Count 0
    [ALLOC_TEMP_BatchDeleteObjects]
      Initial Block Size 64.0 KB
      Current Block Size 64.0 KB
      Peak Allocated Bytes 54 B
      Overflow Count 0
[ALLOC_DEFAULT] Dual Thread Allocator
  Peak main deferred allocation count 13625
    [ALLOC_BUCKET]
      Large Block size 4.0 MB
      Used Block count 1
      Peak Allocated bytes 4.0 MB
      Failed Allocations. Bucket layout:
        16B: 62 Subsections = 63488 buckets. Failed count: 210646
        32B: 13 Subsections = 6656 buckets. Failed count: 64958
        48B: 40 Subsections = 13653 buckets. Failed count: 48601
        64B: 33 Subsections = 8448 buckets. Failed count: 26644
        80B: 100 Subsections = 20480 buckets. Failed count: 9827
        96B: 4 Subsections = 682 buckets. Failed count: 5156
        112B: 2 Subsections = 292 buckets. Failed count: 6898
        128B: 2 Subsections = 256 buckets. Failed count: 41764
    [ALLOC_DEFAULT_MAIN]
      Peak usage frame count: [128.0 MB-256.0 MB]: 1202 frames
      Requested Block Size 16.0 MB
      Peak Block count 10
      Peak Allocated memory 180.0 MB
      Peak Large allocation bytes 33.2 MB
    [ALLOC_DEFAULT_THREAD]
      Peak usage frame count: [16.0 MB-32.0 MB]: 1202 frames
      Requested Block Size 16.0 MB
      Peak Block count 1
      Peak Allocated memory 22.1 MB
      Peak Large allocation bytes 16.0 MB
[ALLOC_TEMP_JOB_1_FRAME]
  Initial Block Size 2.0 MB
  Used Block Count 0
  Overflow Count (too large) 0
  Overflow Count (full) 0
[ALLOC_TEMP_JOB_2_FRAMES]
  Initial Block Size 2.0 MB
  Used Block Count 0
  Overflow Count (too large) 0
  Overflow Count (full) 0
[ALLOC_TEMP_JOB_4_FRAMES (JobTemp)]
  Initial Block Size 2.0 MB
  Used Block Count 1
  Overflow Count (too large) 0
  Overflow Count (full) 0
[ALLOC_TEMP_JOB_ASYNC (Background)]
  Initial Block Size 1.0 MB
  Used Block Count 1
  Overflow Count (too large) 0
  Overflow Count (full) 0
[ALLOC_GFX] Dual Thread Allocator
  Peak main deferred allocation count 2
    [ALLOC_BUCKET]
      Large Block size 4.0 MB
      Used Block count 1
      Peak Allocated bytes 4.0 MB
      Failed Allocations. Bucket layout:
        16B: 62 Subsections = 63488 buckets. Failed count: 210646
        32B: 13 Subsections = 6656 buckets. Failed count: 64958
        48B: 40 Subsections = 13653 buckets. Failed count: 48601
        64B: 33 Subsections = 8448 buckets. Failed count: 26644
        80B: 100 Subsections = 20480 buckets. Failed count: 9827
        96B: 4 Subsections = 682 buckets. Failed count: 5156
        112B: 2 Subsections = 292 buckets. Failed count: 6898
        128B: 2 Subsections = 256 buckets. Failed count: 41764
    [ALLOC_GFX_MAIN]
      Peak usage frame count: [64.0 MB-128.0 MB]: 1202 frames
      Requested Block Size 16.0 MB
      Peak Block count 1
      Peak Allocated memory 86.6 MB
      Peak Large allocation bytes 80.0 MB
    [ALLOC_GFX_THREAD]
      Peak usage frame count: [2.0 KB-4.0 KB]: 161 frames, [4.0 KB-8.0 KB]: 48 frames, [8.0 KB-16.0 KB]: 94 frames, [32.0 KB-64.0 KB]: 58 frames, [64.0 KB-128.0 KB]: 841 frames
      Requested Block Size 16.0 MB
      Peak Block count 1
      Peak Allocated memory 77.4 KB
      Peak Large allocation bytes 0 B
[ALLOC_CACHEOBJECTS] Dual Thread Allocator
  Peak main deferred allocation count 6
    [ALLOC_BUCKET]
      Large Block size 4.0 MB
      Used Block count 1
      Peak Allocated bytes 4.0 MB
      Failed Allocations. Bucket layout:
        16B: 62 Subsections = 63488 buckets. Failed count: 210646
        32B: 13 Subsections = 6656 buckets. Failed count: 64958
        48B: 40 Subsections = 13653 buckets. Failed count: 48601
        64B: 33 Subsections = 8448 buckets. Failed count: 26644
        80B: 100 Subsections = 20480 buckets. Failed count: 9827
        96B: 4 Subsections = 682 buckets. Failed count: 5156
        112B: 2 Subsections = 292 buckets. Failed count: 6898
        128B: 2 Subsections = 256 buckets. Failed count: 41764
    [ALLOC_CACHEOBJECTS_MAIN]
      Peak usage frame count: [64.0 MB-128.0 MB]: 1202 frames
      Requested Block Size 4.0 MB
      Peak Block count 25
      Peak Allocated memory 119.8 MB
      Peak Large allocation bytes 31.1 MB
    [ALLOC_CACHEOBJECTS_THREAD]
      Peak usage frame count: [0.5 MB-1.0 MB]: 1201 frames, [1.0 MB-2.0 MB]: 1 frames
      Requested Block Size 4.0 MB
      Peak Block count 1
      Peak Allocated memory 1.0 MB
      Peak Large allocation bytes 0 B
[ALLOC_TYPETREE] Dual Thread Allocator
  Peak main deferred allocation count 0
    [ALLOC_BUCKET]
      Large Block size 4.0 MB
      Used Block count 1
      Peak Allocated bytes 4.0 MB
      Failed Allocations. Bucket layout:
        16B: 62 Subsections = 63488 buckets. Failed count: 210646
        32B: 13 Subsections = 6656 buckets. Failed count: 64958
        48B: 40 Subsections = 13653 buckets. Failed count: 48601
        64B: 33 Subsections = 8448 buckets. Failed count: 26644
        80B: 100 Subsections = 20480 buckets. Failed count: 9827
        96B: 4 Subsections = 682 buckets. Failed count: 5156
        112B: 2 Subsections = 292 buckets. Failed count: 6898
        128B: 2 Subsections = 256 buckets. Failed count: 41764
    [ALLOC_TYPETREE_MAIN]
      Peak usage frame count: [16.0 KB-32.0 KB]: 1202 frames
      Requested Block Size 2.0 MB
      Peak Block count 1
      Peak Allocated memory 21.6 KB
      Peak Large allocation bytes 0 B
    [ALLOC_TYPETREE_THREAD]
      Peak usage frame count: [0-1.0 KB]: 1202 frames
      Requested Block Size 2.0 MB
      Peak Block count 0
      Peak Allocated memory 0 B
      Peak Large allocation bytes 0 B
